/getData
服务已经启动
服务已经启动
服务已经启动
服务已经启动
/getData
/getData
/getData
/getData
/getData
/getData
/getData
/getData
/getData
/getData
服务已经启动
/getData
服务已经启动
/getData
服务已经启动
/getData
/login/
/login/
/login
/login
/login
/login
/login
/login
/login
服务已经启动
/login
服务已经启动
/login
服务已经启动
/login
服务已经启动
/login
服务已经启动
/login
服务已经启动
/login
服务已经启动
/login
服务已经启动
/login
服务已经启动
/login
服务已经启动
/login
服务已经启动
/login
服务已经启动
/login
服务已经启动
/login
服务已经启动
服务已经启动
/login
服务已经启动
/login
服务已经启动
/login
服务已经启动
/login
服务已经启动
/login
服务已经启动
/login
服务已经启动
/login
服务已经启动
/login
服务已经启动
/login
服务已经启动
/login
服务已经启动
/login
服务已经启动
/login
/login
/login
/login
服务已经启动
/login
/login
/login
/login
/login
服务已经启动
/login
服务已经启动
/login
/loginGet
服务已经启动
/login
/loginPost
/loginPost
/loginPost
服务已经启动
/loginPost
服务已经启动
服务已经启动
服务已经启动
服务已经启动
/loginPost
服务已经启动
/loginPost
服务已经启动
/loginPost
/loginPost
/loginPost
/loginPost
/loginPost
/loginPost
/loginPost
/loginPost
服务已经启动
/loginPost
/loginPost
/loginPost
/loginPost
服务已经启动
/loginPost
/loginPost
服务已经启动
服务已经启动
/loginGet
/loginPost
/loginPost
/loginPost
服务已经启动
/loginPost
/loginPost
/login
/login
/login
/login
/login
/loginPost
/loginPost
/loginPost
服务已经启动
/loginPost
/loginPost
/loginPost
/loginPost
/loginPost
/loginPostForm
/loginPostForm
服务已经启动
/loginPostForm
/loginPostForm
服务已经启动
/loginPostForm
服务已经启动
服务已经启动
服务已经启动
服务已经启动
服务已经启动
服务已经启动
服务已经启动
服务已经启动
服务已经启动
服务已经启动
服务已经启动
服务已经启动
服务已经启动
服务已经启动
服务已经启动
服务已经启动
服务已经启动
/loginPostForm
服务已经启动
服务已经启动
服务已经启动
服务已经启动
服务已经启动
服务已经启动
服务已经启动
服务已经启动
服务已经启动
服务已经启动
服务已经启动
服务已经启动
服务已经启动
服务已经启动
服务已经启动
服务已经启动
/loginPostForm
/loginPostForm
服务已经启动
服务已经启动
/loginPostForm
/loginPostForm
/loginPostForm
/loginPostForm
/loginPostForm
/loginPostForm
/loginPostForm
服务已经启动
/loginPostForm
/loginPostForm
/loginPostForm
服务已经启动
/loginPostForm
服务已经启动
/loginPostForm
服务已经启动
/loginPostForm
服务已经启动
/loginPostForm
/loginPostForm
服务已经启动
/loginPostForm
服务已经启动
/loginPostForm
/loginPostForm
服务已经启动
/loginPostForm
/loginPostForm
服务已经启动
/loginPostForm
服务已经启动
/loginPostForm
/loginPostForm
/loginPostForm
服务已经启动
服务已经启动
/loginPostForm
服务已经启动
服务已经启动
服务已经启动
服务已经启动
服务已经启动
服务已经启动
服务已经启动
/loginPostForm
服务已经启动
/loginPostForm
服务已经启动
/loginPostForm
/loginPost
服务已经启动
/loginPost
/loginGet
/loginPost
/loginGet
/loginPost
服务已经启动
服务已经启动
/loginPost
服务已经启动
/loginPost
/loginPost
服务已经启动
/loginPost
服务已经启动
/loginPost
/loginPost
/loginPost
/loginPost
/loginPost
/loginPost
/loginPost
/loginPost
/loginPost
/loginPost
/loginPost
/loginPost
服务已经启动
/loginPost
服务已经启动
/loginPost
服务已经启动
/loginPost
/loginPost
服务已经启动
服务已经启动
/loginPost
/loginGet
/loginGet
服务已经启动
服务已经启动
/loginGet
/loginGet
/loginGet
/loginGet
/loginGet
/loginGet
/loginGet
/loginGet
/loginGet
/loginGet
服务已经启动
/loginGet
/loginGet
/loginGet
/loginGet
/loginGet
/loginGet
/loginGet
/loginGet
/loginGet
/loginGet
服务已经启动
/loginGet
服务已经启动
/loginGet
服务已经启动
/loginGet
服务已经启动
/loginGet
服务已经启动
/loginGet
服务已经启动
服务已经启动
服务已经启动
服务已经启动
服务已经启动
/loginGet
服务已经启动
/loginGet
服务已经启动
服务已经启动
/loginPost
